<?xml version="1.0" encoding="UTF-8"?>
<coverage generated="1494959671">
  <project timestamp="1494959671">
    <package name="FeedFaker\Classes">
      <file name="/Users/tim/Code/feed-faker/src/Classes/BaseFaker.php">
        <class name="BaseFaker" namespace="FeedFaker\Classes">
          <metrics complexity="4" methods="2" coveredmethods="2" conditionals="0" coveredconditionals="0" statements="12" coveredstatements="12" elements="14" coveredelements="14"/>
        </class>
        <line num="22" type="method" name="__construct" visibility="public" complexity="1" crap="1" count="8"/>
        <line num="24" type="stmt" count="8"/>
        <line num="25" type="stmt" count="8"/>
        <line num="27" type="stmt" count="8"/>
        <line num="28" type="stmt" count="8"/>
        <line num="29" type="stmt" count="8"/>
        <line num="39" type="method" name="handleOverrides" visibility="public" complexity="3" crap="3" count="8"/>
        <line num="41" type="stmt" count="8"/>
        <line num="42" type="stmt" count="1"/>
        <line num="43" type="stmt" count="1"/>
        <line num="44" type="stmt" count="1"/>
        <line num="45" type="stmt" count="1"/>
        <line num="46" type="stmt" count="8"/>
        <line num="48" type="stmt" count="8"/>
        <metrics loc="49" ncloc="37" classes="1" methods="2" coveredmethods="2" conditionals="0" coveredconditionals="0" statements="12" coveredstatements="12" elements="14" coveredelements="14"/>
      </file>
      <file name="/Users/tim/Code/feed-faker/src/Classes/HistoryFaker.php">
        <class name="HistoryFaker" namespace="FeedFaker\Classes">
          <metrics complexity="1" methods="1" coveredmethods="0" conditionals="0" coveredconditionals="0" statements="20" coveredstatements="0" elements="21" coveredelements="0"/>
        </class>
        <line num="12" type="method" name="generate" visibility="public" complexity="1" crap="2" count="0"/>
        <line num="13" type="stmt" count="0"/>
        <line num="14" type="stmt" count="0"/>
        <line num="16" type="stmt" count="0"/>
        <line num="17" type="stmt" count="0"/>
        <line num="18" type="stmt" count="0"/>
        <line num="19" type="stmt" count="0"/>
        <line num="20" type="stmt" count="0"/>
        <line num="21" type="stmt" count="0"/>
        <line num="22" type="stmt" count="0"/>
        <line num="23" type="stmt" count="0"/>
        <line num="24" type="stmt" count="0"/>
        <line num="25" type="stmt" count="0"/>
        <line num="26" type="stmt" count="0"/>
        <line num="27" type="stmt" count="0"/>
        <line num="28" type="stmt" count="0"/>
        <line num="29" type="stmt" count="0"/>
        <line num="30" type="stmt" count="0"/>
        <line num="33" type="stmt" count="0"/>
        <line num="35" type="stmt" count="0"/>
        <line num="36" type="stmt" count="0"/>
        <metrics loc="36" ncloc="34" classes="1" methods="1" coveredmethods="0" conditionals="0" coveredconditionals="0" statements="20" coveredstatements="0" elements="21" coveredelements="0"/>
      </file>
      <file name="/Users/tim/Code/feed-faker/src/Classes/MediaFaker.php">
        <class name="MediaFaker" namespace="FeedFaker\Classes">
          <metrics complexity="9" methods="3" coveredmethods="0" conditionals="0" coveredconditionals="0" statements="71" coveredstatements="0" elements="74" coveredelements="0"/>
        </class>
        <line num="13" type="method" name="__construct" visibility="public" complexity="1" crap="2" count="0"/>
        <line num="14" type="stmt" count="0"/>
        <line num="15" type="stmt" count="0"/>
        <line num="16" type="stmt" count="0"/>
        <line num="17" type="stmt" count="0"/>
        <line num="18" type="stmt" count="0"/>
        <line num="26" type="method" name="generate" visibility="public" complexity="6" crap="42" count="0"/>
        <line num="27" type="stmt" count="0"/>
        <line num="28" type="stmt" count="0"/>
        <line num="29" type="stmt" count="0"/>
        <line num="30" type="stmt" count="0"/>
        <line num="31" type="stmt" count="0"/>
        <line num="32" type="stmt" count="0"/>
        <line num="33" type="stmt" count="0"/>
        <line num="34" type="stmt" count="0"/>
        <line num="35" type="stmt" count="0"/>
        <line num="36" type="stmt" count="0"/>
        <line num="37" type="stmt" count="0"/>
        <line num="38" type="stmt" count="0"/>
        <line num="39" type="stmt" count="0"/>
        <line num="40" type="stmt" count="0"/>
        <line num="41" type="stmt" count="0"/>
        <line num="42" type="stmt" count="0"/>
        <line num="44" type="stmt" count="0"/>
        <line num="46" type="stmt" count="0"/>
        <line num="47" type="stmt" count="0"/>
        <line num="49" type="stmt" count="0"/>
        <line num="50" type="stmt" count="0"/>
        <line num="51" type="stmt" count="0"/>
        <line num="52" type="stmt" count="0"/>
        <line num="53" type="stmt" count="0"/>
        <line num="54" type="stmt" count="0"/>
        <line num="55" type="stmt" count="0"/>
        <line num="56" type="stmt" count="0"/>
        <line num="57" type="stmt" count="0"/>
        <line num="58" type="stmt" count="0"/>
        <line num="59" type="stmt" count="0"/>
        <line num="60" type="stmt" count="0"/>
        <line num="61" type="stmt" count="0"/>
        <line num="62" type="stmt" count="0"/>
        <line num="63" type="stmt" count="0"/>
        <line num="64" type="stmt" count="0"/>
        <line num="65" type="stmt" count="0"/>
        <line num="66" type="stmt" count="0"/>
        <line num="67" type="stmt" count="0"/>
        <line num="68" type="stmt" count="0"/>
        <line num="69" type="stmt" count="0"/>
        <line num="70" type="stmt" count="0"/>
        <line num="71" type="stmt" count="0"/>
        <line num="72" type="stmt" count="0"/>
        <line num="73" type="stmt" count="0"/>
        <line num="76" type="stmt" count="0"/>
        <line num="78" type="stmt" count="0"/>
        <line num="79" type="stmt" count="0"/>
        <line num="81" type="method" name="generatePropertyImages" visibility="public" complexity="2" crap="6" count="0"/>
        <line num="82" type="stmt" count="0"/>
        <line num="83" type="stmt" count="0"/>
        <line num="84" type="stmt" count="0"/>
        <line num="85" type="stmt" count="0"/>
        <line num="86" type="stmt" count="0"/>
        <line num="89" type="stmt" count="0"/>
        <line num="90" type="stmt" count="0"/>
        <line num="91" type="stmt" count="0"/>
        <line num="92" type="stmt" count="0"/>
        <line num="93" type="stmt" count="0"/>
        <line num="94" type="stmt" count="0"/>
        <line num="95" type="stmt" count="0"/>
        <line num="96" type="stmt" count="0"/>
        <line num="98" type="stmt" count="0"/>
        <line num="99" type="stmt" count="0"/>
        <line num="100" type="stmt" count="0"/>
        <line num="101" type="stmt" count="0"/>
        <line num="103" type="stmt" count="0"/>
        <line num="104" type="stmt" count="0"/>
        <metrics loc="104" ncloc="93" classes="1" methods="3" coveredmethods="0" conditionals="0" coveredconditionals="0" statements="71" coveredstatements="0" elements="74" coveredelements="0"/>
      </file>
      <file name="/Users/tim/Code/feed-faker/src/Classes/MemberFaker.php">
        <class name="MemberFaker" namespace="FeedFaker\Classes">
          <metrics complexity="1" methods="1" coveredmethods="1" conditionals="0" coveredconditionals="0" statements="68" coveredstatements="68" elements="69" coveredelements="69"/>
        </class>
        <line num="12" type="method" name="generate" visibility="public" complexity="1" crap="1" count="5"/>
        <line num="14" type="stmt" count="5"/>
        <line num="16" type="stmt" count="5"/>
        <line num="18" type="stmt" count="5"/>
        <line num="19" type="stmt" count="5"/>
        <line num="21" type="stmt" count="5"/>
        <line num="22" type="stmt" count="5"/>
        <line num="23" type="stmt" count="5"/>
        <line num="24" type="stmt" count="5"/>
        <line num="25" type="stmt" count="5"/>
        <line num="26" type="stmt" count="5"/>
        <line num="27" type="stmt" count="5"/>
        <line num="28" type="stmt" count="5"/>
        <line num="29" type="stmt" count="5"/>
        <line num="30" type="stmt" count="5"/>
        <line num="31" type="stmt" count="5"/>
        <line num="32" type="stmt" count="5"/>
        <line num="33" type="stmt" count="5"/>
        <line num="34" type="stmt" count="5"/>
        <line num="35" type="stmt" count="5"/>
        <line num="36" type="stmt" count="5"/>
        <line num="37" type="stmt" count="5"/>
        <line num="38" type="stmt" count="5"/>
        <line num="39" type="stmt" count="5"/>
        <line num="40" type="stmt" count="5"/>
        <line num="41" type="stmt" count="5"/>
        <line num="42" type="stmt" count="5"/>
        <line num="43" type="stmt" count="5"/>
        <line num="44" type="stmt" count="5"/>
        <line num="45" type="stmt" count="5"/>
        <line num="46" type="stmt" count="5"/>
        <line num="47" type="stmt" count="5"/>
        <line num="48" type="stmt" count="5"/>
        <line num="49" type="stmt" count="5"/>
        <line num="50" type="stmt" count="5"/>
        <line num="51" type="stmt" count="5"/>
        <line num="52" type="stmt" count="5"/>
        <line num="53" type="stmt" count="5"/>
        <line num="54" type="stmt" count="5"/>
        <line num="55" type="stmt" count="5"/>
        <line num="56" type="stmt" count="5"/>
        <line num="57" type="stmt" count="5"/>
        <line num="58" type="stmt" count="5"/>
        <line num="59" type="stmt" count="5"/>
        <line num="60" type="stmt" count="5"/>
        <line num="61" type="stmt" count="5"/>
        <line num="62" type="stmt" count="5"/>
        <line num="63" type="stmt" count="5"/>
        <line num="64" type="stmt" count="5"/>
        <line num="65" type="stmt" count="5"/>
        <line num="66" type="stmt" count="5"/>
        <line num="67" type="stmt" count="5"/>
        <line num="68" type="stmt" count="5"/>
        <line num="69" type="stmt" count="5"/>
        <line num="70" type="stmt" count="5"/>
        <line num="71" type="stmt" count="5"/>
        <line num="72" type="stmt" count="5"/>
        <line num="73" type="stmt" count="5"/>
        <line num="74" type="stmt" count="5"/>
        <line num="75" type="stmt" count="5"/>
        <line num="76" type="stmt" count="5"/>
        <line num="77" type="stmt" count="5"/>
        <line num="78" type="stmt" count="5"/>
        <line num="79" type="stmt" count="5"/>
        <line num="80" type="stmt" count="5"/>
        <line num="81" type="stmt" count="5"/>
        <line num="82" type="stmt" count="5"/>
        <line num="85" type="stmt" count="5"/>
        <line num="87" type="stmt" count="5"/>
        <metrics loc="88" ncloc="86" classes="1" methods="1" coveredmethods="1" conditionals="0" coveredconditionals="0" statements="68" coveredstatements="68" elements="69" coveredelements="69"/>
      </file>
      <file name="/Users/tim/Code/feed-faker/src/Classes/OfficeFaker.php">
        <class name="OfficeFaker" namespace="FeedFaker\Classes">
          <metrics complexity="1" methods="1" coveredmethods="1" conditionals="0" coveredconditionals="0" statements="42" coveredstatements="42" elements="43" coveredelements="43"/>
        </class>
        <line num="13" type="method" name="generate" visibility="public" complexity="1" crap="1" count="8"/>
        <line num="15" type="stmt" count="8"/>
        <line num="17" type="stmt" count="8"/>
        <line num="18" type="stmt" count="8"/>
        <line num="19" type="stmt" count="8"/>
        <line num="20" type="stmt" count="8"/>
        <line num="21" type="stmt" count="8"/>
        <line num="22" type="stmt" count="8"/>
        <line num="23" type="stmt" count="8"/>
        <line num="24" type="stmt" count="8"/>
        <line num="25" type="stmt" count="8"/>
        <line num="26" type="stmt" count="8"/>
        <line num="27" type="stmt" count="8"/>
        <line num="28" type="stmt" count="8"/>
        <line num="29" type="stmt" count="8"/>
        <line num="30" type="stmt" count="8"/>
        <line num="31" type="stmt" count="8"/>
        <line num="32" type="stmt" count="8"/>
        <line num="33" type="stmt" count="8"/>
        <line num="34" type="stmt" count="8"/>
        <line num="35" type="stmt" count="8"/>
        <line num="36" type="stmt" count="8"/>
        <line num="37" type="stmt" count="8"/>
        <line num="38" type="stmt" count="8"/>
        <line num="39" type="stmt" count="8"/>
        <line num="40" type="stmt" count="8"/>
        <line num="41" type="stmt" count="8"/>
        <line num="42" type="stmt" count="8"/>
        <line num="43" type="stmt" count="8"/>
        <line num="44" type="stmt" count="8"/>
        <line num="45" type="stmt" count="8"/>
        <line num="46" type="stmt" count="8"/>
        <line num="47" type="stmt" count="8"/>
        <line num="48" type="stmt" count="8"/>
        <line num="49" type="stmt" count="8"/>
        <line num="50" type="stmt" count="8"/>
        <line num="51" type="stmt" count="8"/>
        <line num="52" type="stmt" count="8"/>
        <line num="53" type="stmt" count="8"/>
        <line num="54" type="stmt" count="8"/>
        <line num="55" type="stmt" count="8"/>
        <line num="58" type="stmt" count="8"/>
        <line num="60" type="stmt" count="8"/>
        <metrics loc="61" ncloc="56" classes="1" methods="1" coveredmethods="1" conditionals="0" coveredconditionals="0" statements="42" coveredstatements="42" elements="43" coveredelements="43"/>
      </file>
      <file name="/Users/tim/Code/feed-faker/src/Classes/OpenHouseFaker.php">
        <class name="OpenHouseFaker" namespace="FeedFaker\Classes">
          <metrics complexity="1" methods="1" coveredmethods="0" conditionals="0" coveredconditionals="0" statements="22" coveredstatements="0" elements="23" coveredelements="0"/>
        </class>
        <line num="13" type="method" name="generate" visibility="public" complexity="1" crap="2" count="0"/>
        <line num="14" type="stmt" count="0"/>
        <line num="15" type="stmt" count="0"/>
        <line num="17" type="stmt" count="0"/>
        <line num="18" type="stmt" count="0"/>
        <line num="19" type="stmt" count="0"/>
        <line num="20" type="stmt" count="0"/>
        <line num="21" type="stmt" count="0"/>
        <line num="22" type="stmt" count="0"/>
        <line num="23" type="stmt" count="0"/>
        <line num="24" type="stmt" count="0"/>
        <line num="25" type="stmt" count="0"/>
        <line num="26" type="stmt" count="0"/>
        <line num="27" type="stmt" count="0"/>
        <line num="28" type="stmt" count="0"/>
        <line num="29" type="stmt" count="0"/>
        <line num="30" type="stmt" count="0"/>
        <line num="31" type="stmt" count="0"/>
        <line num="32" type="stmt" count="0"/>
        <line num="33" type="stmt" count="0"/>
        <line num="36" type="stmt" count="0"/>
        <line num="38" type="stmt" count="0"/>
        <line num="39" type="stmt" count="0"/>
        <metrics loc="39" ncloc="37" classes="1" methods="1" coveredmethods="0" conditionals="0" coveredconditionals="0" statements="22" coveredstatements="0" elements="23" coveredelements="0"/>
      </file>
      <file name="/Users/tim/Code/feed-faker/src/Classes/PropertyFaker.php">
        <class name="PropertyFaker" namespace="FeedFaker\Classes">
          <metrics complexity="43" methods="6" coveredmethods="5" conditionals="0" coveredconditionals="0" statements="375" coveredstatements="372" elements="381" coveredelements="377"/>
        </class>
        <line num="13" type="method" name="__construct" visibility="public" complexity="1" crap="1" count="4"/>
        <line num="15" type="stmt" count="4"/>
        <line num="16" type="stmt" count="4"/>
        <line num="17" type="stmt" count="4"/>
        <line num="19" type="method" name="generate" visibility="public" complexity="38" crap="38" count="4"/>
        <line num="21" type="stmt" count="4"/>
        <line num="24" type="stmt" count="4"/>
        <line num="27" type="stmt" count="4"/>
        <line num="28" type="stmt" count="4"/>
        <line num="29" type="stmt" count="4"/>
        <line num="30" type="stmt" count="4"/>
        <line num="31" type="stmt" count="4"/>
        <line num="32" type="stmt" count="4"/>
        <line num="33" type="stmt" count="4"/>
        <line num="36" type="stmt" count="4"/>
        <line num="37" type="stmt" count="4"/>
        <line num="38" type="stmt" count="4"/>
        <line num="39" type="stmt" count="4"/>
        <line num="42" type="stmt" count="4"/>
        <line num="45" type="stmt" count="4"/>
        <line num="46" type="stmt" count="4"/>
        <line num="47" type="stmt" count="4"/>
        <line num="50" type="stmt" count="4"/>
        <line num="51" type="stmt" count="4"/>
        <line num="52" type="stmt" count="4"/>
        <line num="53" type="stmt" count="4"/>
        <line num="54" type="stmt" count="4"/>
        <line num="55" type="stmt" count="4"/>
        <line num="56" type="stmt" count="4"/>
        <line num="58" type="stmt" count="4"/>
        <line num="59" type="stmt" count="4"/>
        <line num="60" type="stmt" count="4"/>
        <line num="62" type="stmt" count="4"/>
        <line num="63" type="stmt" count="2"/>
        <line num="64" type="stmt" count="2"/>
        <line num="65" type="stmt" count="2"/>
        <line num="66" type="stmt" count="2"/>
        <line num="67" type="stmt" count="2"/>
        <line num="68" type="stmt" count="2"/>
        <line num="69" type="stmt" count="2"/>
        <line num="70" type="stmt" count="3"/>
        <line num="71" type="stmt" count="1"/>
        <line num="72" type="stmt" count="2"/>
        <line num="73" type="stmt" count="1"/>
        <line num="74" type="stmt" count="1"/>
        <line num="77" type="stmt" count="4"/>
        <line num="78" type="stmt" count="2"/>
        <line num="79" type="stmt" count="2"/>
        <line num="80" type="stmt" count="2"/>
        <line num="81" type="stmt" count="2"/>
        <line num="82" type="stmt" count="2"/>
        <line num="83" type="stmt" count="4"/>
        <line num="84" type="stmt" count="1"/>
        <line num="85" type="stmt" count="1"/>
        <line num="86" type="stmt" count="1"/>
        <line num="87" type="stmt" count="1"/>
        <line num="88" type="stmt" count="1"/>
        <line num="89" type="stmt" count="1"/>
        <line num="90" type="stmt" count="1"/>
        <line num="92" type="stmt" count="1"/>
        <line num="94" type="stmt" count="1"/>
        <line num="95" type="stmt" count="1"/>
        <line num="96" type="stmt" count="1"/>
        <line num="97" type="stmt" count="3"/>
        <line num="98" type="stmt" count="0"/>
        <line num="99" type="stmt" count="0"/>
        <line num="100" type="stmt" count="0"/>
        <line num="101" type="stmt" count="3"/>
        <line num="103" type="stmt" count="3"/>
        <line num="105" type="stmt" count="2"/>
        <line num="106" type="stmt" count="2"/>
        <line num="107" type="stmt" count="2"/>
        <line num="108" type="stmt" count="2"/>
        <line num="109" type="stmt" count="2"/>
        <line num="110" type="stmt" count="2"/>
        <line num="111" type="stmt" count="2"/>
        <line num="112" type="stmt" count="2"/>
        <line num="113" type="stmt" count="2"/>
        <line num="114" type="stmt" count="2"/>
        <line num="115" type="stmt" count="3"/>
        <line num="116" type="stmt" count="1"/>
        <line num="117" type="stmt" count="1"/>
        <line num="118" type="stmt" count="1"/>
        <line num="119" type="stmt" count="1"/>
        <line num="120" type="stmt" count="1"/>
        <line num="121" type="stmt" count="1"/>
        <line num="124" type="stmt" count="4"/>
        <line num="126" type="stmt" count="4"/>
        <line num="128" type="stmt" count="4"/>
        <line num="129" type="stmt" count="4"/>
        <line num="130" type="stmt" count="4"/>
        <line num="131" type="stmt" count="4"/>
        <line num="132" type="stmt" count="4"/>
        <line num="133" type="stmt" count="4"/>
        <line num="135" type="stmt" count="4"/>
        <line num="136" type="stmt" count="4"/>
        <line num="137" type="stmt" count="4"/>
        <line num="138" type="stmt" count="4"/>
        <line num="140" type="stmt" count="4"/>
        <line num="141" type="stmt" count="4"/>
        <line num="142" type="stmt" count="4"/>
        <line num="143" type="stmt" count="4"/>
        <line num="144" type="stmt" count="4"/>
        <line num="145" type="stmt" count="4"/>
        <line num="146" type="stmt" count="4"/>
        <line num="147" type="stmt" count="4"/>
        <line num="148" type="stmt" count="4"/>
        <line num="149" type="stmt" count="4"/>
        <line num="150" type="stmt" count="4"/>
        <line num="151" type="stmt" count="4"/>
        <line num="152" type="stmt" count="4"/>
        <line num="153" type="stmt" count="4"/>
        <line num="154" type="stmt" count="4"/>
        <line num="155" type="stmt" count="4"/>
        <line num="156" type="stmt" count="4"/>
        <line num="157" type="stmt" count="4"/>
        <line num="158" type="stmt" count="4"/>
        <line num="159" type="stmt" count="4"/>
        <line num="160" type="stmt" count="4"/>
        <line num="161" type="stmt" count="4"/>
        <line num="162" type="stmt" count="4"/>
        <line num="163" type="stmt" count="4"/>
        <line num="164" type="stmt" count="4"/>
        <line num="165" type="stmt" count="4"/>
        <line num="166" type="stmt" count="4"/>
        <line num="167" type="stmt" count="4"/>
        <line num="168" type="stmt" count="4"/>
        <line num="169" type="stmt" count="4"/>
        <line num="170" type="stmt" count="4"/>
        <line num="171" type="stmt" count="4"/>
        <line num="172" type="stmt" count="4"/>
        <line num="173" type="stmt" count="4"/>
        <line num="174" type="stmt" count="4"/>
        <line num="175" type="stmt" count="4"/>
        <line num="176" type="stmt" count="4"/>
        <line num="177" type="stmt" count="4"/>
        <line num="178" type="stmt" count="4"/>
        <line num="179" type="stmt" count="4"/>
        <line num="180" type="stmt" count="4"/>
        <line num="181" type="stmt" count="4"/>
        <line num="182" type="stmt" count="4"/>
        <line num="183" type="stmt" count="4"/>
        <line num="184" type="stmt" count="4"/>
        <line num="185" type="stmt" count="4"/>
        <line num="186" type="stmt" count="4"/>
        <line num="187" type="stmt" count="4"/>
        <line num="188" type="stmt" count="4"/>
        <line num="189" type="stmt" count="4"/>
        <line num="190" type="stmt" count="4"/>
        <line num="191" type="stmt" count="4"/>
        <line num="192" type="stmt" count="4"/>
        <line num="193" type="stmt" count="4"/>
        <line num="194" type="stmt" count="4"/>
        <line num="195" type="stmt" count="4"/>
        <line num="196" type="stmt" count="4"/>
        <line num="197" type="stmt" count="4"/>
        <line num="198" type="stmt" count="4"/>
        <line num="199" type="stmt" count="4"/>
        <line num="200" type="stmt" count="4"/>
        <line num="201" type="stmt" count="4"/>
        <line num="202" type="stmt" count="4"/>
        <line num="203" type="stmt" count="4"/>
        <line num="204" type="stmt" count="4"/>
        <line num="205" type="stmt" count="4"/>
        <line num="206" type="stmt" count="4"/>
        <line num="207" type="stmt" count="4"/>
        <line num="208" type="stmt" count="4"/>
        <line num="209" type="stmt" count="4"/>
        <line num="210" type="stmt" count="4"/>
        <line num="211" type="stmt" count="4"/>
        <line num="212" type="stmt" count="4"/>
        <line num="213" type="stmt" count="4"/>
        <line num="216" type="stmt" count="4"/>
        <line num="217" type="stmt" count="4"/>
        <line num="218" type="stmt" count="1"/>
        <line num="219" type="stmt" count="1"/>
        <line num="221" type="stmt" count="4"/>
        <line num="222" type="stmt" count="4"/>
        <line num="223" type="stmt" count="3"/>
        <line num="224" type="stmt" count="3"/>
        <line num="227" type="stmt" count="4"/>
        <line num="229" type="stmt" count="4"/>
        <line num="230" type="stmt" count="4"/>
        <line num="231" type="stmt" count="4"/>
        <line num="232" type="stmt" count="4"/>
        <line num="233" type="stmt" count="4"/>
        <line num="234" type="stmt" count="4"/>
        <line num="235" type="stmt" count="4"/>
        <line num="236" type="stmt" count="4"/>
        <line num="237" type="stmt" count="4"/>
        <line num="238" type="stmt" count="4"/>
        <line num="239" type="stmt" count="4"/>
        <line num="240" type="stmt" count="4"/>
        <line num="241" type="stmt" count="4"/>
        <line num="242" type="stmt" count="4"/>
        <line num="243" type="stmt" count="4"/>
        <line num="244" type="stmt" count="4"/>
        <line num="245" type="stmt" count="4"/>
        <line num="247" type="stmt" count="4"/>
        <line num="248" type="stmt" count="4"/>
        <line num="249" type="stmt" count="4"/>
        <line num="250" type="stmt" count="4"/>
        <line num="251" type="stmt" count="4"/>
        <line num="252" type="stmt" count="4"/>
        <line num="253" type="stmt" count="4"/>
        <line num="256" type="stmt" count="4"/>
        <line num="257" type="stmt" count="2"/>
        <line num="258" type="stmt" count="2"/>
        <line num="259" type="stmt" count="2"/>
        <line num="260" type="stmt" count="2"/>
        <line num="261" type="stmt" count="2"/>
        <line num="262" type="stmt" count="2"/>
        <line num="263" type="stmt" count="2"/>
        <line num="264" type="stmt" count="2"/>
        <line num="265" type="stmt" count="2"/>
        <line num="266" type="stmt" count="2"/>
        <line num="267" type="stmt" count="2"/>
        <line num="268" type="stmt" count="2"/>
        <line num="269" type="stmt" count="2"/>
        <line num="271" type="stmt" count="2"/>
        <line num="272" type="stmt" count="2"/>
        <line num="273" type="stmt" count="2"/>
        <line num="274" type="stmt" count="2"/>
        <line num="275" type="stmt" count="2"/>
        <line num="276" type="stmt" count="2"/>
        <line num="277" type="stmt" count="2"/>
        <line num="278" type="stmt" count="2"/>
        <line num="279" type="stmt" count="2"/>
        <line num="282" type="stmt" count="2"/>
        <line num="285" type="stmt" count="4"/>
        <line num="286" type="stmt" count="4"/>
        <line num="287" type="stmt" count="4"/>
        <line num="288" type="stmt" count="4"/>
        <line num="289" type="stmt" count="4"/>
        <line num="290" type="stmt" count="4"/>
        <line num="291" type="stmt" count="4"/>
        <line num="292" type="stmt" count="4"/>
        <line num="293" type="stmt" count="4"/>
        <line num="295" type="stmt" count="4"/>
        <line num="297" type="stmt" count="4"/>
        <line num="298" type="stmt" count="2"/>
        <line num="299" type="stmt" count="2"/>
        <line num="300" type="stmt" count="2"/>
        <line num="301" type="stmt" count="2"/>
        <line num="302" type="stmt" count="2"/>
        <line num="303" type="stmt" count="2"/>
        <line num="305" type="stmt" count="2"/>
        <line num="306" type="stmt" count="2"/>
        <line num="307" type="stmt" count="2"/>
        <line num="308" type="stmt" count="2"/>
        <line num="310" type="stmt" count="4"/>
        <line num="311" type="stmt" count="3"/>
        <line num="312" type="stmt" count="3"/>
        <line num="314" type="stmt" count="3"/>
        <line num="315" type="stmt" count="3"/>
        <line num="316" type="stmt" count="3"/>
        <line num="318" type="stmt" count="4"/>
        <line num="319" type="stmt" count="1"/>
        <line num="320" type="stmt" count="1"/>
        <line num="322" type="stmt" count="1"/>
        <line num="323" type="stmt" count="1"/>
        <line num="325" type="stmt" count="4"/>
        <line num="326" type="stmt" count="2"/>
        <line num="327" type="stmt" count="2"/>
        <line num="328" type="stmt" count="2"/>
        <line num="329" type="stmt" count="2"/>
        <line num="330" type="stmt" count="2"/>
        <line num="331" type="stmt" count="2"/>
        <line num="332" type="stmt" count="2"/>
        <line num="334" type="stmt" count="4"/>
        <line num="336" type="stmt" count="4"/>
        <line num="337" type="stmt" count="2"/>
        <line num="338" type="stmt" count="2"/>
        <line num="339" type="stmt" count="2"/>
        <line num="342" type="stmt" count="4"/>
        <line num="344" type="stmt" count="4"/>
        <line num="345" type="stmt" count="4"/>
        <line num="346" type="stmt" count="4"/>
        <line num="347" type="stmt" count="4"/>
        <line num="350" type="stmt" count="4"/>
        <line num="352" type="stmt" count="4"/>
        <line num="353" type="stmt" count="4"/>
        <line num="354" type="stmt" count="4"/>
        <line num="355" type="stmt" count="4"/>
        <line num="358" type="stmt" count="4"/>
        <line num="359" type="stmt" count="4"/>
        <line num="361" type="stmt" count="4"/>
        <line num="362" type="stmt" count="4"/>
        <line num="363" type="stmt" count="4"/>
        <line num="364" type="stmt" count="4"/>
        <line num="366" type="stmt" count="4"/>
        <line num="367" type="stmt" count="4"/>
        <line num="368" type="stmt" count="4"/>
        <line num="369" type="stmt" count="4"/>
        <line num="371" type="stmt" count="4"/>
        <line num="372" type="stmt" count="4"/>
        <line num="374" type="stmt" count="4"/>
        <line num="375" type="stmt" count="4"/>
        <line num="376" type="stmt" count="4"/>
        <line num="377" type="stmt" count="4"/>
        <line num="378" type="stmt" count="4"/>
        <line num="379" type="stmt" count="4"/>
        <line num="381" type="stmt" count="4"/>
        <line num="382" type="stmt" count="4"/>
        <line num="383" type="stmt" count="4"/>
        <line num="386" type="stmt" count="4"/>
        <line num="387" type="stmt" count="4"/>
        <line num="388" type="stmt" count="4"/>
        <line num="389" type="stmt" count="4"/>
        <line num="390" type="stmt" count="4"/>
        <line num="391" type="stmt" count="4"/>
        <line num="394" type="stmt" count="4"/>
        <line num="396" type="stmt" count="4"/>
        <line num="397" type="stmt" count="4"/>
        <line num="398" type="stmt" count="4"/>
        <line num="399" type="stmt" count="4"/>
        <line num="400" type="stmt" count="4"/>
        <line num="401" type="stmt" count="4"/>
        <line num="402" type="stmt" count="4"/>
        <line num="403" type="stmt" count="4"/>
        <line num="404" type="stmt" count="4"/>
        <line num="407" type="stmt" count="4"/>
        <line num="409" type="stmt" count="4"/>
        <line num="412" type="method" name="YorNFeatures" visibility="private" complexity="1" crap="1" count="4"/>
        <line num="416" type="stmt" count="4"/>
        <line num="417" type="stmt" count="4"/>
        <line num="419" type="stmt" count="4"/>
        <line num="420" type="stmt" count="4"/>
        <line num="422" type="stmt" count="4"/>
        <line num="423" type="stmt" count="4"/>
        <line num="425" type="stmt" count="4"/>
        <line num="426" type="stmt" count="4"/>
        <line num="428" type="stmt" count="4"/>
        <line num="429" type="stmt" count="4"/>
        <line num="431" type="stmt" count="4"/>
        <line num="432" type="stmt" count="4"/>
        <line num="435" type="stmt" count="4"/>
        <line num="436" type="stmt" count="4"/>
        <line num="437" type="stmt" count="4"/>
        <line num="438" type="stmt" count="4"/>
        <line num="441" type="method" name="YorNIntegers" visibility="private" complexity="1" crap="1" count="4"/>
        <line num="446" type="stmt" count="4"/>
        <line num="447" type="stmt" count="4"/>
        <line num="448" type="stmt" count="4"/>
        <line num="451" type="stmt" count="4"/>
        <line num="452" type="stmt" count="4"/>
        <line num="453" type="stmt" count="4"/>
        <line num="454" type="stmt" count="4"/>
        <line num="457" type="method" name="expenses" visibility="private" complexity="1" crap="1" count="4"/>
        <line num="460" type="stmt" count="4"/>
        <line num="461" type="stmt" count="4"/>
        <line num="462" type="stmt" count="4"/>
        <line num="463" type="stmt" count="4"/>
        <line num="464" type="stmt" count="4"/>
        <line num="465" type="stmt" count="4"/>
        <line num="466" type="stmt" count="4"/>
        <line num="467" type="stmt" count="4"/>
        <line num="468" type="stmt" count="4"/>
        <line num="469" type="stmt" count="4"/>
        <line num="470" type="stmt" count="4"/>
        <line num="471" type="stmt" count="4"/>
        <line num="472" type="stmt" count="4"/>
        <line num="473" type="stmt" count="4"/>
        <line num="474" type="stmt" count="4"/>
        <line num="475" type="stmt" count="4"/>
        <line num="476" type="stmt" count="4"/>
        <line num="479" type="method" name="distances" visibility="private" complexity="1" crap="1" count="4"/>
        <line num="482" type="stmt" count="4"/>
        <line num="483" type="stmt" count="4"/>
        <line num="484" type="stmt" count="4"/>
        <line num="485" type="stmt" count="4"/>
        <line num="486" type="stmt" count="4"/>
        <line num="487" type="stmt" count="4"/>
        <line num="488" type="stmt" count="4"/>
        <line num="489" type="stmt" count="4"/>
        <line num="490" type="stmt" count="4"/>
        <line num="491" type="stmt" count="4"/>
        <line num="492" type="stmt" count="4"/>
        <line num="493" type="stmt" count="4"/>
        <line num="494" type="stmt" count="4"/>
        <line num="495" type="stmt" count="4"/>
        <metrics loc="496" ncloc="432" classes="1" methods="6" coveredmethods="5" conditionals="0" coveredconditionals="0" statements="375" coveredstatements="372" elements="381" coveredelements="377"/>
      </file>
    </package>
    <package name="FeedFaker\Config">
      <file name="/Users/tim/Code/feed-faker/src/Config/Settings.php">
        <class name="Settings" namespace="FeedFaker\Config" fullPackage="FeedFaker" package="FeedFaker">
          <metrics complexity="16" methods="3" coveredmethods="3" conditionals="0" coveredconditionals="0" statements="19" coveredstatements="19" elements="22" coveredelements="22"/>
        </class>
        <line num="33" type="method" name="load" visibility="public" complexity="5" crap="5" count="5"/>
        <line num="36" type="stmt" count="5"/>
        <line num="37" type="stmt" count="1"/>
        <line num="41" type="stmt" count="4"/>
        <line num="42" type="stmt" count="2"/>
        <line num="43" type="stmt" count="1"/>
        <line num="47" type="stmt" count="1"/>
        <line num="48" type="stmt" count="1"/>
        <line num="51" type="stmt" count="3"/>
        <line num="61" type="method" name="validate" visibility="public" complexity="10" crap="10" count="7"/>
        <line num="66" type="stmt" count="7"/>
        <line num="67" type="stmt" count="7"/>
        <line num="68" type="stmt" count="5"/>
        <line num="69" type="stmt" count="3"/>
        <line num="70" type="stmt" count="3"/>
        <line num="71" type="stmt" count="3"/>
        <line num="72" type="stmt" count="3"/>
        <line num="73" type="stmt" count="7"/>
        <line num="74" type="stmt" count="2"/>
        <line num="78" type="stmt" count="5"/>
        <line num="84" type="method" name="getDefaults" visibility="public" complexity="1" crap="1" count="3"/>
        <line num="86" type="stmt" count="3"/>
        <metrics loc="88" ncloc="53" classes="1" methods="3" coveredmethods="3" conditionals="0" coveredconditionals="0" statements="19" coveredstatements="19" elements="22" coveredelements="22"/>
      </file>
    </package>
    <package name="FeedFaker">
      <file name="/Users/tim/Code/feed-faker/src/FakeFeed.php">
        <class name="FakeFeed" namespace="FeedFaker">
          <metrics complexity="19" methods="4" coveredmethods="0" conditionals="0" coveredconditionals="0" statements="62" coveredstatements="0" elements="66" coveredelements="0"/>
        </class>
        <line num="20" type="stmt" count="0"/>
        <line num="33" type="method" name="go" visibility="public" complexity="8" crap="72" count="0"/>
        <line num="34" type="stmt" count="0"/>
        <line num="35" type="stmt" count="0"/>
        <line num="37" type="stmt" count="0"/>
        <line num="38" type="stmt" count="0"/>
        <line num="39" type="stmt" count="0"/>
        <line num="42" type="method" name="anonymous function" complexity="1" crap="2" count="0"/>
        <line num="43" type="stmt" count="0"/>
        <line num="44" type="stmt" count="0"/>
        <line num="47" type="stmt" count="0"/>
        <line num="48" type="stmt" count="0"/>
        <line num="49" type="stmt" count="0"/>
        <line num="50" type="stmt" count="0"/>
        <line num="51" type="stmt" count="0"/>
        <line num="52" type="stmt" count="0"/>
        <line num="53" type="stmt" count="0"/>
        <line num="54" type="stmt" count="0"/>
        <line num="55" type="stmt" count="0"/>
        <line num="58" type="stmt" count="0"/>
        <line num="59" type="stmt" count="0"/>
        <line num="60" type="stmt" count="0"/>
        <line num="61" type="stmt" count="0"/>
        <line num="62" type="stmt" count="0"/>
        <line num="63" type="stmt" count="0"/>
        <line num="66" type="stmt" count="0"/>
        <line num="67" type="stmt" count="0"/>
        <line num="68" type="stmt" count="0"/>
        <line num="71" type="stmt" count="0"/>
        <line num="72" type="stmt" count="0"/>
        <line num="73" type="stmt" count="0"/>
        <line num="76" type="stmt" count="0"/>
        <line num="77" type="stmt" count="0"/>
        <line num="78" type="stmt" count="0"/>
        <line num="80" type="stmt" count="0"/>
        <line num="81" type="stmt" count="0"/>
        <line num="84" type="stmt" count="0"/>
        <line num="85" type="stmt" count="0"/>
        <line num="86" type="stmt" count="0"/>
        <line num="89" type="stmt" count="0"/>
        <line num="90" type="stmt" count="0"/>
        <line num="91" type="stmt" count="0"/>
        <line num="92" type="stmt" count="0"/>
        <line num="95" type="stmt" count="0"/>
        <line num="96" type="stmt" count="0"/>
        <line num="97" type="stmt" count="0"/>
        <line num="98" type="stmt" count="0"/>
        <line num="100" type="stmt" count="0"/>
        <line num="101" type="stmt" count="0"/>
        <line num="102" type="stmt" count="0"/>
        <line num="103" type="stmt" count="0"/>
        <line num="104" type="stmt" count="0"/>
        <line num="105" type="stmt" count="0"/>
        <line num="106" type="stmt" count="0"/>
        <line num="107" type="stmt" count="0"/>
        <line num="108" type="stmt" count="0"/>
        <line num="110" type="method" name="getRandom" visibility="private" complexity="6" crap="42" count="0"/>
        <line num="111" type="stmt" count="0"/>
        <line num="112" type="stmt" count="0"/>
        <line num="113" type="stmt" count="0"/>
        <line num="114" type="stmt" count="0"/>
        <line num="115" type="stmt" count="0"/>
        <line num="117" type="stmt" count="0"/>
        <line num="118" type="stmt" count="0"/>
        <line num="119" type="stmt" count="0"/>
        <line num="121" type="stmt" count="0"/>
        <line num="122" type="stmt" count="0"/>
        <line num="123" type="stmt" count="0"/>
        <line num="124" type="stmt" count="0"/>
        <line num="125" type="stmt" count="0"/>
        <line num="126" type="stmt" count="0"/>
        <line num="127" type="stmt" count="0"/>
        <line num="128" type="stmt" count="0"/>
        <line num="129" type="stmt" count="0"/>
        <line num="130" type="stmt" count="0"/>
        <line num="131" type="stmt" count="0"/>
        <line num="132" type="stmt" count="0"/>
        <line num="133" type="stmt" count="0"/>
        <line num="134" type="stmt" count="0"/>
        <line num="135" type="stmt" count="0"/>
        <line num="136" type="stmt" count="0"/>
        <line num="138" type="stmt" count="0"/>
        <line num="139" type="stmt" count="0"/>
        <line num="141" type="method" name="getGenericResource" visibility="private" complexity="4" crap="20" count="0"/>
        <line num="142" type="stmt" count="0"/>
        <line num="144" type="stmt" count="0"/>
        <line num="145" type="stmt" count="0"/>
        <line num="146" type="stmt" count="0"/>
        <line num="148" type="stmt" count="0"/>
        <line num="150" type="stmt" count="0"/>
        <line num="151" type="stmt" count="0"/>
        <line num="153" type="stmt" count="0"/>
        <line num="154" type="stmt" count="0"/>
        <line num="155" type="stmt" count="0"/>
        <line num="156" type="stmt" count="0"/>
        <line num="157" type="stmt" count="0"/>
        <line num="158" type="stmt" count="0"/>
        <line num="159" type="stmt" count="0"/>
        <line num="160" type="stmt" count="0"/>
        <line num="162" type="stmt" count="0"/>
        <line num="163" type="stmt" count="0"/>
        <line num="164" type="stmt" count="0"/>
        <line num="165" type="stmt" count="0"/>
        <line num="166" type="stmt" count="0"/>
        <line num="167" type="stmt" count="0"/>
        <line num="169" type="stmt" count="0"/>
        <line num="170" type="stmt" count="0"/>
        <line num="171" type="stmt" count="0"/>
        <line num="172" type="stmt" count="0"/>
        <line num="173" type="stmt" count="0"/>
        <line num="174" type="stmt" count="0"/>
        <line num="176" type="stmt" count="0"/>
        <line num="177" type="stmt" count="0"/>
        <metrics loc="177" ncloc="153" classes="1" methods="4" coveredmethods="0" conditionals="0" coveredconditionals="0" statements="109" coveredstatements="0" elements="113" coveredelements="0"/>
      </file>
      <file name="/Users/tim/Code/feed-faker/src/FakeObject.php">
        <class name="FakeObject" namespace="FeedFaker">
          <metrics complexity="1" methods="1" coveredmethods="0" conditionals="0" coveredconditionals="0" statements="2" coveredstatements="0" elements="3" coveredelements="0"/>
        </class>
        <line num="7" type="method" name="fakeObject" visibility="public" complexity="1" crap="2" count="0"/>
        <line num="8" type="stmt" count="0"/>
        <line num="10" type="stmt" count="0"/>
        <metrics loc="10" ncloc="10" classes="1" methods="1" coveredmethods="0" conditionals="0" coveredconditionals="0" statements="2" coveredstatements="0" elements="3" coveredelements="0"/>
      </file>
    </package>
    <package name="FeedFaker\Helper">
      <file name="/Users/tim/Code/feed-faker/src/Helper/Logger.php">
        <class name="Logger" namespace="FeedFaker\Helper" fullPackage="FeedFaker" package="FeedFaker">
          <metrics complexity="3" methods="1" coveredmethods="0" conditionals="0" coveredconditionals="0" statements="12" coveredstatements="0" elements="13" coveredelements="0"/>
        </class>
        <line num="21" type="method" name="build" visibility="public" complexity="3" crap="12" count="0"/>
        <line num="22" type="stmt" count="0"/>
        <line num="24" type="stmt" count="0"/>
        <line num="25" type="stmt" count="0"/>
        <line num="26" type="stmt" count="0"/>
        <line num="29" type="stmt" count="0"/>
        <line num="32" type="stmt" count="0"/>
        <line num="33" type="stmt" count="0"/>
        <line num="34" type="stmt" count="0"/>
        <line num="35" type="stmt" count="0"/>
        <line num="38" type="stmt" count="0"/>
        <line num="39" type="stmt" count="0"/>
        <line num="40" type="stmt" count="0"/>
        <metrics loc="41" ncloc="22" classes="1" methods="1" coveredmethods="0" conditionals="0" coveredconditionals="0" statements="12" coveredstatements="0" elements="13" coveredelements="0"/>
      </file>
      <file name="/Users/tim/Code/feed-faker/src/Helper/LotSize.php">
        <class name="LotSize" namespace="FeedFaker\Helper">
          <metrics complexity="14" methods="10" coveredmethods="9" conditionals="0" coveredconditionals="0" statements="35" coveredstatements="34" elements="45" coveredelements="43"/>
        </class>
        <line num="19" type="method" name="__construct" visibility="public" complexity="3" crap="3" count="6"/>
        <line num="21" type="stmt" count="6"/>
        <line num="22" type="stmt" count="6"/>
        <line num="24" type="stmt" count="6"/>
        <line num="25" type="stmt" count="6"/>
        <line num="26" type="stmt" count="6"/>
        <line num="27" type="stmt" count="6"/>
        <line num="29" type="stmt" count="6"/>
        <line num="30" type="stmt" count="5"/>
        <line num="31" type="stmt" count="6"/>
        <line num="32" type="stmt" count="1"/>
        <line num="33" type="stmt" count="1"/>
        <line num="35" type="stmt" count="6"/>
        <line num="37" type="stmt" count="6"/>
        <line num="42" type="method" name="getDimensions" visibility="public" complexity="1" crap="1" count="6"/>
        <line num="44" type="stmt" count="6"/>
        <line num="50" type="method" name="getArea" visibility="public" complexity="1" crap="1" count="6"/>
        <line num="52" type="stmt" count="6"/>
        <line num="58" type="method" name="getAcres" visibility="public" complexity="1" crap="1" count="6"/>
        <line num="60" type="stmt" count="6"/>
        <line num="66" type="method" name="getUnits" visibility="public" complexity="1" crap="1" count="6"/>
        <line num="68" type="stmt" count="6"/>
        <line num="74" type="method" name="getSource" visibility="public" complexity="1" crap="1" count="6"/>
        <line num="76" type="stmt" count="6"/>
        <line num="82" type="method" name="getWidth" visibility="public" complexity="1" crap="1" count="2"/>
        <line num="84" type="stmt" count="2"/>
        <line num="90" type="method" name="getLength" visibility="public" complexity="1" crap="1" count="2"/>
        <line num="92" type="stmt" count="2"/>
        <line num="95" type="method" name="getSquareFeet" visibility="public" complexity="3" crap="3.03" count="4"/>
        <line num="97" type="stmt" count="4"/>
        <line num="98" type="stmt" count="4"/>
        <line num="99" type="stmt" count="0"/>
        <line num="100" type="stmt" count="4"/>
        <line num="101" type="stmt" count="4"/>
        <line num="102" type="stmt" count="4"/>
        <line num="104" type="stmt" count="4"/>
        <line num="107" type="method" name="generateSource" visibility="private" complexity="1" crap="1" count="6"/>
        <line num="110" type="stmt" count="6"/>
        <line num="111" type="stmt" count="6"/>
        <line num="112" type="stmt" count="6"/>
        <line num="113" type="stmt" count="6"/>
        <line num="114" type="stmt" count="6"/>
        <line num="116" type="stmt" count="6"/>
        <line num="118" type="stmt" count="6"/>
        <line num="120" type="stmt" count="6"/>
        <metrics loc="121" ncloc="98" classes="1" methods="10" coveredmethods="9" conditionals="0" coveredconditionals="0" statements="35" coveredstatements="34" elements="45" coveredelements="43"/>
      </file>
    </package>
    <package name="FeedFaker\Models">
      <file name="/Users/tim/Code/feed-faker/src/Models/BaseModel.php">
        <class name="BaseModel" namespace="FeedFaker\Models" fullPackage="FeedFaker" package="FeedFaker">
          <metrics complexity="9" methods="5" coveredmethods="2" conditionals="0" coveredconditionals="0" statements="18" coveredstatements="14" elements="23" coveredelements="16"/>
        </class>
        <line num="20" type="method" name="getModelType" visibility="public" complexity="1" crap="2" count="0"/>
        <line num="22" type="stmt" count="0"/>
        <line num="28" type="method" name="getIdKey" visibility="public" complexity="1" crap="2" count="0"/>
        <line num="30" type="stmt" count="0"/>
        <line num="36" type="method" name="setIdKey" visibility="public" complexity="1" crap="2" count="0"/>
        <line num="38" type="stmt" count="0"/>
        <line num="39" type="stmt" count="0"/>
        <line num="44" type="method" name="toArray" visibility="public" complexity="3" crap="3" count="2"/>
        <line num="46" type="stmt" count="2"/>
        <line num="48" type="stmt" count="2"/>
        <line num="49" type="stmt" count="2"/>
        <line num="50" type="stmt" count="2"/>
        <line num="51" type="stmt" count="2"/>
        <line num="52" type="stmt" count="2"/>
        <line num="54" type="stmt" count="2"/>
        <line num="57" type="method" name="fromArray" visibility="public" complexity="3" crap="3" count="1"/>
        <line num="59" type="stmt" count="1"/>
        <line num="60" type="stmt" count="1"/>
        <line num="61" type="stmt" count="1"/>
        <line num="62" type="stmt" count="1"/>
        <line num="63" type="stmt" count="1"/>
        <line num="64" type="stmt" count="1"/>
        <line num="65" type="stmt" count="1"/>
        <metrics loc="65" ncloc="46" classes="1" methods="5" coveredmethods="2" conditionals="0" coveredconditionals="0" statements="18" coveredstatements="14" elements="23" coveredelements="16"/>
      </file>
      <file name="/Users/tim/Code/feed-faker/src/Models/Contact.php">
        <class name="Contact" namespace="FeedFaker\Models">
          <metrics complexity="171" methods="171" coveredmethods="0" conditionals="0" coveredconditionals="0" statements="513" coveredstatements="0" elements="684" coveredelements="0"/>
        </class>
        <line num="185" type="method" name="getIdKey" visibility="public" complexity="1" crap="2" count="0"/>
        <line num="186" type="stmt" count="0"/>
        <line num="187" type="stmt" count="0"/>
        <line num="188" type="stmt" count="0"/>
        <line num="193" type="method" name="getContactKey" visibility="public" complexity="1" crap="2" count="0"/>
        <line num="194" type="stmt" count="0"/>
        <line num="195" type="stmt" count="0"/>
        <line num="196" type="stmt" count="0"/>
        <line num="201" type="method" name="setContactKey" visibility="public" complexity="1" crap="2" count="0"/>
        <line num="202" type="stmt" count="0"/>
        <line num="203" type="stmt" count="0"/>
        <line num="204" type="stmt" count="0"/>
        <line num="209" type="method" name="getContactLoginId" visibility="public" complexity="1" crap="2" count="0"/>
        <line num="210" type="stmt" count="0"/>
        <line num="211" type="stmt" count="0"/>
        <line num="212" type="stmt" count="0"/>
        <line num="217" type="method" name="setContactLoginId" visibility="public" complexity="1" crap="2" count="0"/>
        <line num="218" type="stmt" count="0"/>
        <line num="219" type="stmt" count="0"/>
        <line num="220" type="stmt" count="0"/>
        <line num="225" type="method" name="getContactPassword" visibility="public" complexity="1" crap="2" count="0"/>
        <line num="226" type="stmt" count="0"/>
        <line num="227" type="stmt" count="0"/>
        <line num="228" type="stmt" count="0"/>
        <line num="233" type="method" name="setContactPassword" visibility="public" complexity="1" crap="2" count="0"/>
        <line num="234" type="stmt" count="0"/>
        <line num="235" type="stmt" count="0"/>
        <line num="236" type="stmt" count="0"/>
        <line num="241" type="method" name="getOriginatingSystemContactKey" visibility="public" complexity="1" crap="2" count="0"/>
        <line num="242" type="stmt" count="0"/>
        <line num="243" type="stmt" count="0"/>
        <line num="244" type="stmt" count="0"/>
        <line num="249" type="method" name="setOriginatingSystemContactKey" visibility="public" complexity="1" crap="2" count="0"/>
        <line num="250" type="stmt" count="0"/>
        <line num="251" type="stmt" count="0"/>
        <line num="252" type="stmt" count="0"/>
        <line num="257" type="method" name="getOriginatingSystemName" visibility="public" complexity="1" crap="2" count="0"/>
        <line num="258" type="stmt" count="0"/>
        <line num="259" type="stmt" count="0"/>
        <line num="260" type="stmt" count="0"/>
        <line num="265" type="method" name="setOriginatingSystemName" visibility="public" complexity="1" crap="2" count="0"/>
        <line num="266" type="stmt" count="0"/>
        <line num="267" type="stmt" count="0"/>
        <line num="268" type="stmt" count="0"/>
        <line num="273" type="method" name="getOwnerMemberKey" visibility="public" complexity="1" crap="2" count="0"/>
        <line num="274" type="stmt" count="0"/>
        <line num="275" type="stmt" count="0"/>
        <line num="276" type="stmt" count="0"/>
        <line num="281" type="method" name="setOwnerMemberKey" visibility="public" complexity="1" crap="2" count="0"/>
        <line num="282" type="stmt" count="0"/>
        <line num="283" type="stmt" count="0"/>
        <line num="284" type="stmt" count="0"/>
        <line num="289" type="method" name="getOwnerMemberID" visibility="public" complexity="1" crap="2" count="0"/>
        <line num="290" type="stmt" count="0"/>
        <line num="291" type="stmt" count="0"/>
        <line num="292" type="stmt" count="0"/>
        <line num="297" type="method" name="setOwnerMemberID" visibility="public" complexity="1" crap="2" count="0"/>
        <line num="298" type="stmt" count="0"/>
        <line num="299" type="stmt" count="0"/>
        <line num="300" type="stmt" count="0"/>
        <line num="305" type="method" name="getNamePrefix" visibility="public" complexity="1" crap="2" count="0"/>
        <line num="306" type="stmt" count="0"/>
        <line num="307" type="stmt" count="0"/>
        <line num="308" type="stmt" count="0"/>
        <line num="313" type="method" name="setNamePrefix" visibility="public" complexity="1" crap="2" count="0"/>
        <line num="314" type="stmt" count="0"/>
        <line num="315" type="stmt" count="0"/>
        <line num="316" type="stmt" count="0"/>
        <line num="321" type="method" name="getFirstName" visibility="public" complexity="1" crap="2" count="0"/>
        <line num="322" type="stmt" count="0"/>
        <line num="323" type="stmt" count="0"/>
        <line num="324" type="stmt" count="0"/>
        <line num="329" type="method" name="setFirstName" visibility="public" complexity="1" crap="2" count="0"/>
        <line num="330" type="stmt" count="0"/>
        <line num="331" type="stmt" count="0"/>
        <line num="332" type="stmt" count="0"/>
        <line num="337" type="method" name="getMiddleName" visibility="public" complexity="1" crap="2" count="0"/>
        <line num="338" type="stmt" count="0"/>
        <line num="339" type="stmt" count="0"/>
        <line num="340" type="stmt" count="0"/>
        <line num="345" type="method" name="setMiddleName" visibility="public" complexity="1" crap="2" count="0"/>
        <line num="346" type="stmt" count="0"/>
        <line num="347" type="stmt" count="0"/>
        <line num="348" type="stmt" count="0"/>
        <line num="353" type="method" name="getLastName" visibility="public" complexity="1" crap="2" count="0"/>
        <line num="354" type="stmt" count="0"/>
        <line num="355" type="stmt" count="0"/>
        <line num="356" type="stmt" count="0"/>
        <line num="361" type="method" name="setLastName" visibility="public" complexity="1" crap="2" count="0"/>
        <line num="362" type="stmt" count="0"/>
        <line num="363" type="stmt" count="0"/>
        <line num="364" type="stmt" count="0"/>
        <line num="369" type="method" name="getNameSuffix" visibility="public" complexity="1" crap="2" count="0"/>
        <line num="370" type="stmt" count="0"/>
        <line num="371" type="stmt" count="0"/>
        <line num="372" type="stmt" count="0"/>
        <line num="377" type="method" name="setNameSuffix" visibility="public" complexity="1" crap="2" count="0"/>
        <line num="378" type="stmt" count="0"/>
        <line num="379" type="stmt" count="0"/>
        <line num="380" type="stmt" count="0"/>
        <line num="385" type="method" name="getFullName" visibility="public" complexity="1" crap="2" count="0"/>
        <line num="386" type="stmt" count="0"/>
        <line num="387" type="stmt" count="0"/>
        <line num="388" type="stmt" count="0"/>
        <line num="393" type="method" name="setFullName" visibility="public" complexity="1" crap="2" count="0"/>
        <line num="394" type="stmt" count="0"/>
        <line num="395" type="stmt" count="0"/>
        <line num="396" type="stmt" count="0"/>
        <line num="401" type="method" name="getNickname" visibility="public" complexity="1" crap="2" count="0"/>
        <line num="402" type="stmt" count="0"/>
        <line num="403" type="stmt" count="0"/>
        <line num="404" type="stmt" count="0"/>
        <line num="409" type="method" name="setNickname" visibility="public" complexity="1" crap="2" count="0"/>
        <line num="410" type="stmt" count="0"/>
        <line num="411" type="stmt" count="0"/>
        <line num="412" type="stmt" count="0"/>
        <line num="417" type="method" name="getReferredBy" visibility="public" complexity="1" crap="2" count="0"/>
        <line num="418" type="stmt" count="0"/>
        <line num="419" type="stmt" count="0"/>
        <line num="420" type="stmt" count="0"/>
        <line num="425" type="method" name="setReferredBy" visibility="public" complexity="1" crap="2" count="0"/>
        <line num="426" type="stmt" count="0"/>
        <line num="427" type="stmt" count="0"/>
        <line num="428" type="stmt" count="0"/>
        <line num="433" type="method" name="getJobTitle" visibility="public" complexity="1" crap="2" count="0"/>
        <line num="434" type="stmt" count="0"/>
        <line num="435" type="stmt" count="0"/>
        <line num="436" type="stmt" count="0"/>
        <line num="441" type="method" name="setJobTitle" visibility="public" complexity="1" crap="2" count="0"/>
        <line num="442" type="stmt" count="0"/>
        <line num="443" type="stmt" count="0"/>
        <line num="444" type="stmt" count="0"/>
        <line num="449" type="method" name="getNotes" visibility="public" complexity="1" crap="2" count="0"/>
        <line num="450" type="stmt" count="0"/>
        <line num="451" type="stmt" count="0"/>
        <line num="452" type="stmt" count="0"/>
        <line num="457" type="method" name="setNotes" visibility="public" complexity="1" crap="2" count="0"/>
        <line num="458" type="stmt" count="0"/>
        <line num="459" type="stmt" count="0"/>
        <line num="460" type="stmt" count="0"/>
        <line num="465" type="method" name="getHomeAddress1" visibility="public" complexity="1" crap="2" count="0"/>
        <line num="466" type="stmt" count="0"/>
        <line num="467" type="stmt" count="0"/>
        <line num="468" type="stmt" count="0"/>
        <line num="473" type="method" name="setHomeAddress1" visibility="public" complexity="1" crap="2" count="0"/>
        <line num="474" type="stmt" count="0"/>
        <line num="475" type="stmt" count="0"/>
        <line num="476" type="stmt" count="0"/>
        <line num="481" type="method" name="getHomeAddress2" visibility="public" complexity="1" crap="2" count="0"/>
        <line num="482" type="stmt" count="0"/>
        <line num="483" type="stmt" count="0"/>
        <line num="484" type="stmt" count="0"/>
        <line num="489" type="method" name="setHomeAddress2" visibility="public" complexity="1" crap="2" count="0"/>
        <line num="490" type="stmt" count="0"/>
        <line num="491" type="stmt" count="0"/>
        <line num="492" type="stmt" count="0"/>
        <line num="497" type="method" name="getHomeCity" visibility="public" complexity="1" crap="2" count="0"/>
        <line num="498" type="stmt" count="0"/>
        <line num="499" type="stmt" count="0"/>
        <line num="500" type="stmt" count="0"/>
        <line num="505" type="method" name="setHomeCity" visibility="public" complexity="1" crap="2" count="0"/>
        <line num="506" type="stmt" count="0"/>
        <line num="507" type="stmt" count="0"/>
        <line num="508" type="stmt" count="0"/>
        <line num="513" type="method" name="getHomeStateOrProvince" visibility="public" complexity="1" crap="2" count="0"/>
        <line num="514" type="stmt" count="0"/>
        <line num="515" type="stmt" count="0"/>
        <line num="516" type="stmt" count="0"/>
        <line num="521" type="method" name="setHomeStateOrProvince" visibility="public" complexity="1" crap="2" count="0"/>
        <line num="522" type="stmt" count="0"/>
        <line num="523" type="stmt" count="0"/>
        <line num="524" type="stmt" count="0"/>
        <line num="529" type="method" name="getHomePostalCode" visibility="public" complexity="1" crap="2" count="0"/>
        <line num="530" type="stmt" count="0"/>
        <line num="531" type="stmt" count="0"/>
        <line num="532" type="stmt" count="0"/>
        <line num="537" type="method" name="setHomePostalCode" visibility="public" complexity="1" crap="2" count="0"/>
        <line num="538" type="stmt" count="0"/>
        <line num="539" type="stmt" count="0"/>
        <line num="540" type="stmt" count="0"/>
        <line num="545" type="method" name="getHomePostalCodePlus4" visibility="public" complexity="1" crap="2" count="0"/>
        <line num="546" type="stmt" count="0"/>
        <line num="547" type="stmt" count="0"/>
        <line num="548" type="stmt" count="0"/>
        <line num="553" type="method" name="setHomePostalCodePlus4" visibility="public" complexity="1" crap="2" count="0"/>
        <line num="554" type="stmt" count="0"/>
        <line num="555" type="stmt" count="0"/>
        <line num="556" type="stmt" count="0"/>
        <line num="561" type="method" name="getHomeCarrierRoute" visibility="public" complexity="1" crap="2" count="0"/>
        <line num="562" type="stmt" count="0"/>
        <line num="563" type="stmt" count="0"/>
        <line num="564" type="stmt" count="0"/>
        <line num="569" type="method" name="setHomeCarrierRoute" visibility="public" complexity="1" crap="2" count="0"/>
        <line num="570" type="stmt" count="0"/>
        <line num="571" type="stmt" count="0"/>
        <line num="572" type="stmt" count="0"/>
        <line num="577" type="method" name="getHomeCountyOrParish" visibility="public" complexity="1" crap="2" count="0"/>
        <line num="578" type="stmt" count="0"/>
        <line num="579" type="stmt" count="0"/>
        <line num="580" type="stmt" count="0"/>
        <line num="585" type="method" name="setHomeCountyOrParish" visibility="public" complexity="1" crap="2" count="0"/>
        <line num="586" type="stmt" count="0"/>
        <line num="587" type="stmt" count="0"/>
        <line num="588" type="stmt" count="0"/>
        <line num="593" type="method" name="getHomeCountry" visibility="public" complexity="1" crap="2" count="0"/>
        <line num="594" type="stmt" count="0"/>
        <line num="595" type="stmt" count="0"/>
        <line num="596" type="stmt" count="0"/>
        <line num="601" type="method" name="setHomeCountry" visibility="public" complexity="1" crap="2" count="0"/>
        <line num="602" type="stmt" count="0"/>
        <line num="603" type="stmt" count="0"/>
        <line num="604" type="stmt" count="0"/>
        <line num="609" type="method" name="getWorkAddress1" visibility="public" complexity="1" crap="2" count="0"/>
        <line num="610" type="stmt" count="0"/>
        <line num="611" type="stmt" count="0"/>
        <line num="612" type="stmt" count="0"/>
        <line num="617" type="method" name="setWorkAddress1" visibility="public" complexity="1" crap="2" count="0"/>
        <line num="618" type="stmt" count="0"/>
        <line num="619" type="stmt" count="0"/>
        <line num="620" type="stmt" count="0"/>
        <line num="625" type="method" name="getWorkAddress2" visibility="public" complexity="1" crap="2" count="0"/>
        <line num="626" type="stmt" count="0"/>
        <line num="627" type="stmt" count="0"/>
        <line num="628" type="stmt" count="0"/>
        <line num="633" type="method" name="setWorkAddress2" visibility="public" complexity="1" crap="2" count="0"/>
        <line num="634" type="stmt" count="0"/>
        <line num="635" type="stmt" count="0"/>
        <line num="636" type="stmt" count="0"/>
        <line num="641" type="method" name="getWorkCity" visibility="public" complexity="1" crap="2" count="0"/>
        <line num="642" type="stmt" count="0"/>
        <line num="643" type="stmt" count="0"/>
        <line num="644" type="stmt" count="0"/>
        <line num="649" type="method" name="setWorkCity" visibility="public" complexity="1" crap="2" count="0"/>
        <line num="650" type="stmt" count="0"/>
        <line num="651" type="stmt" count="0"/>
        <line num="652" type="stmt" count="0"/>
        <line num="657" type="method" name="getWorkStateOrProvince" visibility="public" complexity="1" crap="2" count="0"/>
        <line num="658" type="stmt" count="0"/>
        <line num="659" type="stmt" count="0"/>
        <line num="660" type="stmt" count="0"/>
        <line num="665" type="method" name="setWorkStateOrProvince" visibility="public" complexity="1" crap="2" count="0"/>
        <line num="666" type="stmt" count="0"/>
        <line num="667" type="stmt" count="0"/>
        <line num="668" type="stmt" count="0"/>
        <line num="673" type="method" name="getWorkPostalCode" visibility="public" complexity="1" crap="2" count="0"/>
        <line num="674" type="stmt" count="0"/>
        <line num="675" type="stmt" count="0"/>
        <line num="676" type="stmt" count="0"/>
        <line num="681" type="method" name="setWorkPostalCode" visibility="public" complexity="1" crap="2" count="0"/>
        <line num="682" type="stmt" count="0"/>
        <line num="683" type="stmt" count="0"/>
        <line num="684" type="stmt" count="0"/>
        <line num="689" type="method" name="getWorkPostalCodePlus4" visibility="public" complexity="1" crap="2" count="0"/>
        <line num="690" type="stmt" count="0"/>
        <line num="691" type="stmt" count="0"/>
        <line num="692" type="stmt" count="0"/>
        <line num="697" type="method" name="setWorkPostalCodePlus4" visibility="public" complexity="1" crap="2" count="0"/>
        <line num="698" type="stmt" count="0"/>
        <line num="699" type="stmt" count="0"/>
        <line num="700" type="stmt" count="0"/>
        <line num="705" type="method" name="getWorkCarrierRoute" visibility="public" complexity="1" crap="2" count="0"/>
        <line num="706" type="stmt" count="0"/>
        <line num="707" type="stmt" count="0"/>
        <line num="708" type="stmt" count="0"/>
        <line num="713" type="method" name="setWorkCarrierRoute" visibility="public" complexity="1" crap="2" count="0"/>
        <line num="714" type="stmt" count="0"/>
        <line num="715" type="stmt" count="0"/>
        <line num="716" type="stmt" count="0"/>
        <line num="721" type="method" name="getWorkCountyOrParish" visibility="public" complexity="1" crap="2" count="0"/>
        <line num="722" type="stmt" count="0"/>
        <line num="723" type="stmt" count="0"/>
        <line num="724" type="stmt" count="0"/>
        <line num="729" type="method" name="setWorkCountyOrParish" visibility="public" complexity="1" crap="2" count="0"/>
        <line num="730" type="stmt" count="0"/>
        <line num="731" type="stmt" count="0"/>
        <line num="732" type="stmt" count="0"/>
        <line num="737" type="method" name="getWorkCountry" visibility="public" complexity="1" crap="2" count="0"/>
        <line num="738" type="stmt" count="0"/>
        <line num="739" type="stmt" count="0"/>
        <line num="740" type="stmt" count="0"/>
        <line num="745" type="method" name="setWorkCountry" visibility="public" complexity="1" crap="2" count="0"/>
        <line num="746" type="stmt" count="0"/>
        <line num="747" type="stmt" count="0"/>
        <line num="748" type="stmt" count="0"/>
        <line num="753" type="method" name="getOtherAddress1" visibility="public" complexity="1" crap="2" count="0"/>
        <line num="754" type="stmt" count="0"/>
        <line num="755" type="stmt" count="0"/>
        <line num="756" type="stmt" count="0"/>
        <line num="761" type="method" name="setOtherAddress1" visibility="public" complexity="1" crap="2" count="0"/>
        <line num="762" type="stmt" count="0"/>
        <line num="763" type="stmt" count="0"/>
        <line num="764" type="stmt" count="0"/>
        <line num="769" type="method" name="getOtherAddress2" visibility="public" complexity="1" crap="2" count="0"/>
        <line num="770" type="stmt" count="0"/>
        <line num="771" type="stmt" count="0"/>
        <line num="772" type="stmt" count="0"/>
        <line num="777" type="method" name="setOtherAddress2" visibility="public" complexity="1" crap="2" count="0"/>
        <line num="778" type="stmt" count="0"/>
        <line num="779" type="stmt" count="0"/>
        <line num="780" type="stmt" count="0"/>
        <line num="785" type="method" name="getOtherCity" visibility="public" complexity="1" crap="2" count="0"/>
        <line num="786" type="stmt" count="0"/>
        <line num="787" type="stmt" count="0"/>
        <line num="788" type="stmt" count="0"/>
        <line num="793" type="method" name="setOtherCity" visibility="public" complexity="1" crap="2" count="0"/>
        <line num="794" type="stmt" count="0"/>
        <line num="795" type="stmt" count="0"/>
        <line num="796" type="stmt" count="0"/>
        <line num="801" type="method" name="getOtherStateOrProvince" visibility="public" complexity="1" crap="2" count="0"/>
        <line num="802" type="stmt" count="0"/>
        <line num="803" type="stmt" count="0"/>
        <line num="804" type="stmt" count="0"/>
        <line num="809" type="method" name="setOtherStateOrProvince" visibility="public" complexity="1" crap="2" count="0"/>
        <line num="810" type="stmt" count="0"/>
        <line num="811" type="stmt" count="0"/>
        <line num="812" type="stmt" count="0"/>
        <line num="817" type="method" name="getOtherPostalCode" visibility="public" complexity="1" crap="2" count="0"/>
        <line num="818" type="stmt" count="0"/>
        <line num="819" type="stmt" count="0"/>
        <line num="820" type="stmt" count="0"/>
        <line num="825" type="method" name="setOtherPostalCode" visibility="public" complexity="1" crap="2" count="0"/>
        <line num="826" type="stmt" count="0"/>
        <line num="827" type="stmt" count="0"/>
        <line num="828" type="stmt" count="0"/>
        <line num="833" type="method" name="getOtherPostalCodePlus4" visibility="public" complexity="1" crap="2" count="0"/>
        <line num="834" type="stmt" count="0"/>
        <line num="835" type="stmt" count="0"/>
        <line num="836" type="stmt" count="0"/>
        <line num="841" type="method" name="setOtherPostalCodePlus4" visibility="public" complexity="1" crap="2" count="0"/>
        <line num="842" type="stmt" count="0"/>
        <line num="843" type="stmt" count="0"/>
        <line num="844" type="stmt" count="0"/>
        <line num="849" type="method" name="getOtherCarrierRoute" visibility="public" complexity="1" crap="2" count="0"/>
        <line num="850" type="stmt" count="0"/>
        <line num="851" type="stmt" count="0"/>
        <line num="852" type="stmt" count="0"/>
        <line num="857" type="method" name="setOtherCarrierRoute" visibility="public" complexity="1" crap="2" count="0"/>
        <line num="858" type="stmt" count="0"/>
        <line num="859" type="stmt" count="0"/>
        <line num="860" type="stmt" count="0"/>
        <line num="865" type="method" name="getOtherCountyOrParish" visibility="public" complexity="1" crap="2" count="0"/>
        <line num="866" type="stmt" count="0"/>
        <line num="867" type="stmt" count="0"/>
        <line num="868" type="stmt" count="0"/>
        <line num="873" type="method" name="setOtherCountyOrParish" visibility="public" complexity="1" crap="2" count="0"/>
        <line num="874" type="stmt" count="0"/>
        <line num="875" type="stmt" count="0"/>
        <line num="876" type="stmt" count="0"/>
        <line num="881" type="method" name="getOtherCountry" visibility="public" complexity="1" crap="2" count="0"/>
        <line num="882" type="stmt" count="0"/>
        <line num="883" type="stmt" count="0"/>
        <line num="884" type="stmt" count="0"/>
        <line num="889" type="method" name="setOtherCountry" visibility="public" complexity="1" crap="2" count="0"/>
        <line num="890" type="stmt" count="0"/>
        <line num="891" type="stmt" count="0"/>
        <line num="892" type="stmt" count="0"/>
        <line num="897" type="method" name="getPreferredAddress" visibility="public" complexity="1" crap="2" count="0"/>
        <line num="898" type="stmt" count="0"/>
        <line num="899" type="stmt" count="0"/>
        <line num="900" type="stmt" count="0"/>
        <line num="905" type="method" name="setPreferredAddress" visibility="public" complexity="1" crap="2" count="0"/>
        <line num="906" type="stmt" count="0"/>
        <line num="907" type="stmt" count="0"/>
        <line num="908" type="stmt" count="0"/>
        <line num="913" type="method" name="getPreferredPhone" visibility="public" complexity="1" crap="2" count="0"/>
        <line num="914" type="stmt" count="0"/>
        <line num="915" type="stmt" count="0"/>
        <line num="916" type="stmt" count="0"/>
        <line num="921" type="method" name="setPreferredPhone" visibility="public" complexity="1" crap="2" count="0"/>
        <line num="922" type="stmt" count="0"/>
        <line num="923" type="stmt" count="0"/>
        <line num="924" type="stmt" count="0"/>
        <line num="929" type="method" name="getEmail" visibility="public" complexity="1" crap="2" count="0"/>
        <line num="930" type="stmt" count="0"/>
        <line num="931" type="stmt" count="0"/>
        <line num="932" type="stmt" count="0"/>
        <line num="937" type="method" name="setEmail" visibility="public" complexity="1" crap="2" count="0"/>
        <line num="938" type="stmt" count="0"/>
        <line num="939" type="stmt" count="0"/>
        <line num="940" type="stmt" count="0"/>
        <line num="945" type="method" name="getEmail2" visibility="public" complexity="1" crap="2" count="0"/>
        <line num="946" type="stmt" count="0"/>
        <line num="947" type="stmt" count="0"/>
        <line num="948" type="stmt" count="0"/>
        <line num="953" type="method" name="setEmail2" visibility="public" complexity="1" crap="2" count="0"/>
        <line num="954" type="stmt" count="0"/>
        <line num="955" type="stmt" count="0"/>
        <line num="956" type="stmt" count="0"/>
        <line num="961" type="method" name="getEmail3" visibility="public" complexity="1" crap="2" count="0"/>
        <line num="962" type="stmt" count="0"/>
        <line num="963" type="stmt" count="0"/>
        <line num="964" type="stmt" count="0"/>
        <line num="969" type="method" name="setEmail3" visibility="public" complexity="1" crap="2" count="0"/>
        <line num="970" type="stmt" count="0"/>
        <line num="971" type="stmt" count="0"/>
        <line num="972" type="stmt" count="0"/>
        <line num="977" type="method" name="getOfficePhone" visibility="public" complexity="1" crap="2" count="0"/>
        <line num="978" type="stmt" count="0"/>
        <line num="979" type="stmt" count="0"/>
        <line num="980" type="stmt" count="0"/>
        <line num="985" type="method" name="setOfficePhone" visibility="public" complexity="1" crap="2" count="0"/>
        <line num="986" type="stmt" count="0"/>
        <line num="987" type="stmt" count="0"/>
        <line num="988" type="stmt" count="0"/>
        <line num="993" type="method" name="getOfficePhoneExt" visibility="public" complexity="1" crap="2" count="0"/>
        <line num="994" type="stmt" count="0"/>
        <line num="995" type="stmt" count="0"/>
        <line num="996" type="stmt" count="0"/>
        <line num="1001" type="method" name="setOfficePhoneExt" visibility="public" complexity="1" crap="2" count="0"/>
        <line num="1002" type="stmt" count="0"/>
        <line num="1003" type="stmt" count="0"/>
        <line num="1004" type="stmt" count="0"/>
        <line num="1009" type="method" name="getMobilePhone" visibility="public" complexity="1" crap="2" count="0"/>
        <line num="1010" type="stmt" count="0"/>
        <line num="1011" type="stmt" count="0"/>
        <line num="1012" type="stmt" count="0"/>
        <line num="1017" type="method" name="setMobilePhone" visibility="public" complexity="1" crap="2" count="0"/>
        <line num="1018" type="stmt" count="0"/>
        <line num="1019" type="stmt" count="0"/>
        <line num="1020" type="stmt" count="0"/>
        <line num="1025" type="method" name="getDirectPhone" visibility="public" complexity="1" crap="2" count="0"/>
        <line num="1026" type="stmt" count="0"/>
        <line num="1027" type="stmt" count="0"/>
        <line num="1028" type="stmt" count="0"/>
        <line num="1033" type="method" name="setDirectPhone" visibility="public" complexity="1" crap="2" count="0"/>
        <line num="1034" type="stmt" count="0"/>
        <line num="1035" type="stmt" count="0"/>
        <line num="1036" type="stmt" count="0"/>
        <line num="1041" type="method" name="getHomePhone" visibility="public" complexity="1" crap="2" count="0"/>
        <line num="1042" type="stmt" count="0"/>
        <line num="1043" type="stmt" count="0"/>
        <line num="1044" type="stmt" count="0"/>
        <line num="1049" type="method" name="setHomePhone" visibility="public" complexity="1" crap="2" count="0"/>
        <line num="1050" type="stmt" count="0"/>
        <line num="1051" type="stmt" count="0"/>
        <line num="1052" type="stmt" count="0"/>
        <line num="1057" type="method" name="getHomeFax" visibility="public" complexity="1" crap="2" count="0"/>
        <line num="1058" type="stmt" count="0"/>
        <line num="1059" type="stmt" count="0"/>
        <line num="1060" type="stmt" count="0"/>
        <line num="1065" type="method" name="setHomeFax" visibility="public" complexity="1" crap="2" count="0"/>
        <line num="1066" type="stmt" count="0"/>
        <line num="1067" type="stmt" count="0"/>
        <line num="1068" type="stmt" count="0"/>
        <line num="1073" type="method" name="getBusinessFax" visibility="public" complexity="1" crap="2" count="0"/>
        <line num="1074" type="stmt" count="0"/>
        <line num="1075" type="stmt" count="0"/>
        <line num="1076" type="stmt" count="0"/>
        <line num="1081" type="method" name="setBusinessFax" visibility="public" complexity="1" crap="2" count="0"/>
        <line num="1082" type="stmt" count="0"/>
[...]
        <line num="2307" type="stmt" count="5"/>
        <line num="2308" type="stmt" count="5"/>
        <line num="2309" type="stmt" count="5"/>
        <line num="2310" type="stmt" count="5"/>
        <line num="2311" type="stmt" count="5"/>
        <line num="2312" type="stmt" count="5"/>
        <line num="2313" type="stmt" count="5"/>
        <line num="2314" type="stmt" count="5"/>
        <line num="2315" type="stmt" count="5"/>
        <line num="2316" type="stmt" count="5"/>
        <line num="2317" type="stmt" count="5"/>
        <line num="2318" type="stmt" count="5"/>
        <line num="2319" type="stmt" count="5"/>
        <line num="2320" type="stmt" count="5"/>
        <line num="2321" type="stmt" count="5"/>
        <line num="2322" type="stmt" count="5"/>
        <line num="2323" type="stmt" count="5"/>
        <line num="2324" type="stmt" count="5"/>
        <line num="2325" type="stmt" count="5"/>
        <line num="2326" type="stmt" count="5"/>
        <line num="2327" type="stmt" count="5"/>
        <line num="2328" type="stmt" count="5"/>
        <line num="2329" type="stmt" count="5"/>
        <line num="2330" type="stmt" count="5"/>
        <line num="2331" type="stmt" count="5"/>
        <line num="2332" type="stmt" count="5"/>
        <line num="2333" type="stmt" count="5"/>
        <line num="2334" type="stmt" count="5"/>
        <line num="2335" type="stmt" count="5"/>
        <line num="2336" type="stmt" count="5"/>
        <line num="2337" type="stmt" count="5"/>
        <line num="2338" type="stmt" count="5"/>
        <line num="2339" type="stmt" count="5"/>
        <line num="2340" type="stmt" count="5"/>
        <line num="2341" type="stmt" count="5"/>
        <line num="2342" type="stmt" count="5"/>
        <line num="2343" type="stmt" count="5"/>
        <line num="2344" type="stmt" count="5"/>
        <line num="2345" type="stmt" count="5"/>
        <line num="2346" type="stmt" count="5"/>
        <line num="2347" type="stmt" count="5"/>
        <line num="2348" type="stmt" count="5"/>
        <line num="2349" type="stmt" count="5"/>
        <line num="2350" type="stmt" count="5"/>
        <line num="2351" type="stmt" count="5"/>
        <line num="2352" type="stmt" count="5"/>
        <line num="2353" type="stmt" count="5"/>
        <line num="2354" type="stmt" count="5"/>
        <line num="2355" type="stmt" count="5"/>
        <line num="2356" type="stmt" count="5"/>
        <line num="2357" type="stmt" count="5"/>
        <line num="2358" type="stmt" count="5"/>
        <line num="2359" type="stmt" count="5"/>
        <line num="2360" type="stmt" count="5"/>
        <line num="2361" type="stmt" count="5"/>
        <line num="2362" type="stmt" count="5"/>
        <line num="2363" type="stmt" count="5"/>
        <line num="2364" type="stmt" count="5"/>
        <line num="2365" type="stmt" count="5"/>
        <line num="2366" type="stmt" count="5"/>
        <line num="2367" type="stmt" count="5"/>
        <line num="2368" type="stmt" count="5"/>
        <line num="2369" type="stmt" count="5"/>
        <line num="2370" type="stmt" count="5"/>
        <line num="2371" type="stmt" count="5"/>
        <line num="2372" type="stmt" count="5"/>
        <line num="2373" type="stmt" count="5"/>
        <line num="2374" type="stmt" count="5"/>
        <line num="2375" type="stmt" count="5"/>
        <line num="2376" type="stmt" count="5"/>
        <line num="2377" type="stmt" count="5"/>
        <line num="2378" type="stmt" count="5"/>
        <line num="2379" type="stmt" count="5"/>
        <line num="2380" type="stmt" count="5"/>
        <line num="2381" type="stmt" count="5"/>
        <line num="2382" type="stmt" count="5"/>
        <line num="2383" type="stmt" count="5"/>
        <line num="2384" type="stmt" count="5"/>
        <line num="2385" type="stmt" count="5"/>
        <line num="2386" type="stmt" count="5"/>
        <line num="2387" type="stmt" count="5"/>
        <line num="2388" type="stmt" count="5"/>
        <line num="2389" type="stmt" count="5"/>
        <line num="2390" type="stmt" count="5"/>
        <line num="2391" type="stmt" count="5"/>
        <line num="2392" type="stmt" count="5"/>
        <line num="2393" type="stmt" count="5"/>
        <line num="2394" type="stmt" count="5"/>
        <line num="2395" type="stmt" count="5"/>
        <line num="2396" type="stmt" count="5"/>
        <line num="2397" type="stmt" count="5"/>
        <line num="2398" type="stmt" count="5"/>
        <line num="2399" type="stmt" count="5"/>
        <line num="2400" type="stmt" count="5"/>
        <line num="2401" type="stmt" count="5"/>
        <line num="2402" type="stmt" count="5"/>
        <line num="2403" type="stmt" count="5"/>
        <line num="2404" type="stmt" count="5"/>
        <line num="2405" type="stmt" count="5"/>
        <line num="2406" type="stmt" count="5"/>
        <line num="2407" type="stmt" count="5"/>
        <line num="2408" type="stmt" count="5"/>
        <line num="2409" type="stmt" count="5"/>
        <line num="2410" type="stmt" count="5"/>
        <line num="2411" type="stmt" count="5"/>
        <line num="2412" type="stmt" count="5"/>
        <line num="2413" type="stmt" count="5"/>
        <line num="2414" type="stmt" count="5"/>
        <line num="2415" type="stmt" count="5"/>
        <line num="2416" type="stmt" count="5"/>
        <line num="2417" type="stmt" count="5"/>
        <line num="2418" type="stmt" count="5"/>
        <line num="2419" type="stmt" count="5"/>
        <line num="2420" type="stmt" count="5"/>
        <line num="2421" type="stmt" count="5"/>
        <line num="2422" type="stmt" count="5"/>
        <line num="2423" type="stmt" count="5"/>
        <line num="2424" type="stmt" count="5"/>
        <line num="2425" type="stmt" count="5"/>
        <line num="2426" type="stmt" count="5"/>
        <line num="2427" type="stmt" count="5"/>
        <line num="2428" type="stmt" count="5"/>
        <line num="2429" type="stmt" count="5"/>
        <line num="2430" type="stmt" count="5"/>
        <line num="2431" type="stmt" count="5"/>
        <line num="2432" type="stmt" count="5"/>
        <line num="2433" type="stmt" count="5"/>
        <line num="2434" type="stmt" count="5"/>
        <line num="2435" type="stmt" count="5"/>
        <line num="2436" type="stmt" count="5"/>
        <line num="2437" type="stmt" count="5"/>
        <line num="2438" type="stmt" count="5"/>
        <line num="2439" type="stmt" count="5"/>
        <line num="2440" type="stmt" count="5"/>
        <line num="2441" type="stmt" count="5"/>
        <line num="2442" type="stmt" count="5"/>
        <line num="2443" type="stmt" count="5"/>
        <line num="2444" type="stmt" count="5"/>
        <line num="2445" type="stmt" count="5"/>
        <line num="2446" type="stmt" count="5"/>
        <line num="2447" type="stmt" count="5"/>
        <line num="2448" type="stmt" count="5"/>
        <line num="2449" type="stmt" count="5"/>
        <line num="2450" type="stmt" count="5"/>
        <line num="2451" type="stmt" count="5"/>
        <line num="2452" type="stmt" count="5"/>
        <line num="2453" type="stmt" count="5"/>
        <line num="2454" type="stmt" count="5"/>
        <line num="2455" type="stmt" count="5"/>
        <line num="2456" type="stmt" count="5"/>
        <line num="2457" type="stmt" count="5"/>
        <line num="2458" type="stmt" count="5"/>
        <line num="2459" type="stmt" count="5"/>
        <line num="2460" type="stmt" count="5"/>
        <line num="2461" type="stmt" count="5"/>
        <line num="2462" type="stmt" count="5"/>
        <line num="2463" type="stmt" count="5"/>
        <line num="2464" type="stmt" count="5"/>
        <line num="2465" type="stmt" count="5"/>
        <line num="2466" type="stmt" count="5"/>
        <line num="2467" type="stmt" count="5"/>
        <line num="2468" type="stmt" count="5"/>
        <line num="2469" type="stmt" count="5"/>
        <line num="2470" type="stmt" count="5"/>
        <line num="2471" type="stmt" count="5"/>
        <line num="2472" type="stmt" count="5"/>
        <line num="2473" type="stmt" count="5"/>
        <line num="2474" type="stmt" count="5"/>
        <line num="2475" type="stmt" count="5"/>
        <line num="2476" type="stmt" count="5"/>
        <line num="2477" type="stmt" count="5"/>
        <line num="2478" type="stmt" count="5"/>
        <line num="2479" type="stmt" count="5"/>
        <line num="2480" type="stmt" count="5"/>
        <line num="2481" type="stmt" count="5"/>
        <line num="2482" type="stmt" count="5"/>
        <line num="2483" type="stmt" count="5"/>
        <line num="2484" type="stmt" count="5"/>
        <line num="2485" type="stmt" count="5"/>
        <line num="2486" type="stmt" count="5"/>
        <line num="2487" type="stmt" count="5"/>
        <line num="2488" type="stmt" count="5"/>
        <line num="2489" type="stmt" count="5"/>
        <line num="2490" type="stmt" count="5"/>
        <line num="2491" type="stmt" count="5"/>
        <line num="2492" type="stmt" count="5"/>
        <line num="2493" type="stmt" count="5"/>
        <line num="2494" type="stmt" count="5"/>
        <line num="2495" type="stmt" count="5"/>
        <line num="2496" type="stmt" count="5"/>
        <line num="2497" type="stmt" count="5"/>
        <line num="2498" type="stmt" count="5"/>
        <line num="2499" type="stmt" count="5"/>
        <line num="2500" type="stmt" count="5"/>
        <line num="2501" type="stmt" count="5"/>
        <line num="2502" type="stmt" count="5"/>
        <line num="2503" type="stmt" count="5"/>
        <line num="2504" type="stmt" count="5"/>
        <line num="2505" type="stmt" count="5"/>
        <line num="2506" type="stmt" count="5"/>
        <line num="2507" type="stmt" count="5"/>
        <line num="2508" type="stmt" count="5"/>
        <line num="2509" type="stmt" count="5"/>
        <line num="2510" type="stmt" count="5"/>
        <line num="2511" type="stmt" count="5"/>
        <line num="2512" type="stmt" count="5"/>
        <line num="2513" type="stmt" count="5"/>
        <line num="2514" type="stmt" count="5"/>
        <line num="2515" type="stmt" count="5"/>
        <line num="2516" type="stmt" count="5"/>
        <line num="2517" type="stmt" count="5"/>
        <line num="2518" type="stmt" count="5"/>
        <line num="2519" type="stmt" count="5"/>
        <line num="2520" type="stmt" count="5"/>
        <line num="2521" type="stmt" count="5"/>
        <line num="2522" type="stmt" count="5"/>
        <line num="2523" type="stmt" count="5"/>
        <line num="2524" type="stmt" count="5"/>
        <line num="2525" type="stmt" count="5"/>
        <line num="2526" type="stmt" count="5"/>
        <line num="2527" type="stmt" count="5"/>
        <line num="2528" type="stmt" count="5"/>
        <line num="2529" type="stmt" count="5"/>
        <line num="2530" type="stmt" count="5"/>
        <line num="2531" type="stmt" count="5"/>
        <line num="2532" type="stmt" count="5"/>
        <line num="2533" type="stmt" count="5"/>
        <line num="2534" type="stmt" count="5"/>
        <line num="2535" type="stmt" count="5"/>
        <line num="2536" type="stmt" count="5"/>
        <line num="2537" type="stmt" count="5"/>
        <line num="2538" type="stmt" count="5"/>
        <line num="2539" type="stmt" count="5"/>
        <line num="2540" type="stmt" count="5"/>
        <line num="2541" type="stmt" count="5"/>
        <line num="2542" type="stmt" count="5"/>
        <line num="2543" type="stmt" count="5"/>
        <line num="2544" type="stmt" count="5"/>
        <line num="2545" type="stmt" count="5"/>
        <line num="2546" type="stmt" count="5"/>
        <line num="2547" type="stmt" count="5"/>
        <line num="2548" type="stmt" count="5"/>
        <line num="2549" type="stmt" count="5"/>
        <line num="2550" type="stmt" count="5"/>
        <line num="2551" type="stmt" count="5"/>
        <line num="2552" type="stmt" count="5"/>
        <line num="2553" type="stmt" count="5"/>
        <line num="2554" type="stmt" count="5"/>
        <line num="2555" type="stmt" count="5"/>
        <line num="2556" type="stmt" count="5"/>
        <line num="2557" type="stmt" count="5"/>
        <line num="2558" type="stmt" count="5"/>
        <line num="2559" type="stmt" count="5"/>
        <line num="2560" type="stmt" count="5"/>
        <line num="2561" type="stmt" count="5"/>
        <line num="2562" type="stmt" count="5"/>
        <line num="2563" type="stmt" count="5"/>
        <line num="2564" type="stmt" count="5"/>
        <line num="2565" type="stmt" count="5"/>
        <line num="2566" type="stmt" count="5"/>
        <line num="2567" type="stmt" count="5"/>
        <line num="2568" type="stmt" count="5"/>
        <line num="2569" type="stmt" count="5"/>
        <line num="2570" type="stmt" count="5"/>
        <line num="2571" type="stmt" count="5"/>
        <line num="2572" type="stmt" count="5"/>
        <line num="2573" type="stmt" count="5"/>
        <line num="2574" type="stmt" count="5"/>
        <line num="2575" type="stmt" count="5"/>
        <line num="2576" type="stmt" count="5"/>
        <line num="2577" type="stmt" count="5"/>
        <line num="2578" type="stmt" count="5"/>
        <line num="2579" type="stmt" count="5"/>
        <line num="2580" type="stmt" count="5"/>
        <line num="2581" type="stmt" count="5"/>
        <line num="2582" type="stmt" count="5"/>
        <line num="2583" type="stmt" count="5"/>
        <line num="2584" type="stmt" count="5"/>
        <line num="2585" type="stmt" count="5"/>
        <line num="2586" type="stmt" count="5"/>
        <line num="2587" type="stmt" count="5"/>
        <line num="2588" type="stmt" count="5"/>
        <line num="2589" type="stmt" count="5"/>
        <line num="2590" type="stmt" count="5"/>
        <line num="2591" type="stmt" count="5"/>
        <metrics loc="2592" ncloc="2580" classes="1" methods="28" coveredmethods="22" conditionals="0" coveredconditionals="0" statements="2366" coveredstatements="2331" elements="2394" coveredelements="2353"/>
      </file>
      <file name="/Users/tim/Code/feed-faker/src/Providers/UnsplashPhotoProvider.php">
        <class name="UnsplashPhotoProvider" namespace="FeedFaker\Providers">
          <metrics complexity="19" methods="5" coveredmethods="0" conditionals="0" coveredconditionals="0" statements="92" coveredstatements="0" elements="97" coveredelements="0"/>
        </class>
        <line num="23" type="method" name="__construct" visibility="public" complexity="2" crap="6" count="0"/>
        <line num="24" type="stmt" count="0"/>
        <line num="25" type="stmt" count="0"/>
        <line num="28" type="stmt" count="0"/>
        <line num="29" type="stmt" count="0"/>
        <line num="30" type="stmt" count="0"/>
        <line num="33" type="stmt" count="0"/>
        <line num="34" type="stmt" count="0"/>
        <line num="35" type="stmt" count="0"/>
        <line num="38" type="stmt" count="0"/>
        <line num="40" type="stmt" count="0"/>
        <line num="41" type="stmt" count="0"/>
        <line num="43" type="method" name="getPhotos" visibility="public" complexity="3" crap="12" count="0"/>
        <line num="44" type="stmt" count="0"/>
        <line num="46" type="stmt" count="0"/>
        <line num="47" type="stmt" count="0"/>
        <line num="49" type="stmt" count="0"/>
        <line num="50" type="stmt" count="0"/>
        <line num="51" type="stmt" count="0"/>
        <line num="52" type="stmt" count="0"/>
        <line num="53" type="stmt" count="0"/>
        <line num="54" type="stmt" count="0"/>
        <line num="55" type="stmt" count="0"/>
        <line num="56" type="stmt" count="0"/>
        <line num="57" type="stmt" count="0"/>
        <line num="59" type="stmt" count="0"/>
        <line num="60" type="stmt" count="0"/>
        <line num="62" type="method" name="getPhoto" visibility="public" complexity="4" crap="20" count="0"/>
        <line num="63" type="stmt" count="0"/>
        <line num="64" type="stmt" count="0"/>
        <line num="65" type="stmt" count="0"/>
        <line num="66" type="stmt" count="0"/>
        <line num="67" type="stmt" count="0"/>
        <line num="68" type="stmt" count="0"/>
        <line num="69" type="stmt" count="0"/>
        <line num="70" type="stmt" count="0"/>
        <line num="71" type="stmt" count="0"/>
        <line num="72" type="stmt" count="0"/>
        <line num="73" type="stmt" count="0"/>
        <line num="74" type="stmt" count="0"/>
        <line num="75" type="stmt" count="0"/>
        <line num="77" type="stmt" count="0"/>
        <line num="78" type="stmt" count="0"/>
        <line num="80" type="stmt" count="0"/>
        <line num="81" type="stmt" count="0"/>
        <line num="83" type="method" name="getCollection" visibility="public" complexity="9" crap="90" count="0"/>
        <line num="84" type="stmt" count="0"/>
        <line num="85" type="stmt" count="0"/>
        <line num="86" type="stmt" count="0"/>
        <line num="87" type="stmt" count="0"/>
        <line num="88" type="stmt" count="0"/>
        <line num="90" type="stmt" count="0"/>
        <line num="91" type="stmt" count="0"/>
        <line num="92" type="stmt" count="0"/>
        <line num="93" type="stmt" count="0"/>
        <line num="94" type="stmt" count="0"/>
        <line num="95" type="stmt" count="0"/>
        <line num="96" type="stmt" count="0"/>
        <line num="97" type="stmt" count="0"/>
        <line num="98" type="stmt" count="0"/>
        <line num="99" type="stmt" count="0"/>
        <line num="100" type="stmt" count="0"/>
        <line num="101" type="stmt" count="0"/>
        <line num="103" type="stmt" count="0"/>
        <line num="104" type="stmt" count="0"/>
        <line num="105" type="stmt" count="0"/>
        <line num="107" type="stmt" count="0"/>
        <line num="108" type="stmt" count="0"/>
        <line num="111" type="stmt" count="0"/>
        <line num="112" type="stmt" count="0"/>
        <line num="113" type="stmt" count="0"/>
        <line num="114" type="stmt" count="0"/>
        <line num="115" type="stmt" count="0"/>
        <line num="116" type="stmt" count="0"/>
        <line num="117" type="stmt" count="0"/>
        <line num="118" type="stmt" count="0"/>
        <line num="119" type="stmt" count="0"/>
        <line num="121" type="stmt" count="0"/>
        <line num="122" type="stmt" count="0"/>
        <line num="123" type="stmt" count="0"/>
        <line num="125" type="stmt" count="0"/>
        <line num="126" type="stmt" count="0"/>
        <line num="127" type="stmt" count="0"/>
        <line num="128" type="stmt" count="0"/>
        <line num="129" type="stmt" count="0"/>
        <line num="130" type="stmt" count="0"/>
        <line num="131" type="stmt" count="0"/>
        <line num="132" type="stmt" count="0"/>
        <line num="133" type="stmt" count="0"/>
        <line num="135" type="stmt" count="0"/>
        <line num="136" type="stmt" count="0"/>
        <line num="138" type="method" name="populateCollections" visibility="private" complexity="1" crap="2" count="0"/>
        <line num="139" type="stmt" count="0"/>
        <line num="140" type="stmt" count="0"/>
        <line num="141" type="stmt" count="0"/>
        <line num="142" type="stmt" count="0"/>
        <line num="143" type="stmt" count="0"/>
        <metrics loc="143" ncloc="123" classes="1" methods="5" coveredmethods="0" conditionals="0" coveredconditionals="0" statements="92" coveredstatements="0" elements="97" coveredelements="0"/>
      </file>
    </package>
    <metrics files="28" loc="22064" ncloc="15773" classes="28" methods="1802" coveredmethods="533" conditionals="0" coveredconditionals="0" statements="8447" coveredstatements="5838" elements="10249" coveredelements="6371"/>
  </project>
</coverage>
